<?xml version="1.0" encoding="UTF-8"?>
<!-- Generated by org.testng.reporters.JUnitReportReporter -->
<testsuite skipped="0" hostname="DESKTOP-BKCFD6N" name="com.vtiger.tests.LeadTest" tests="1" failures="0" timestamp="26 Nov 2022 06:09:43 GMT" time="13.172" errors="0">
  <testcase name="CreateandVerifyLeadwithMandatoryFields_TC03" time="13.172" classname="com.vtiger.tests.LeadTest"/>
</testsuite> <!-- com.vtiger.tests.LeadTest -->
