<?xml version="1.0" encoding="UTF-8"?>
<!-- Generated by org.testng.reporters.JUnitReportReporter -->
<testsuite skipped="0" hostname="DESKTOP-BKCFD6N" name="com.vtiger.tests.LoginTest" tests="1" failures="0" timestamp="26 Nov 2022 06:09:43 GMT" time="4.378" errors="0">
  <testcase name="ValidLoginTC02" time="4.378" classname="com.vtiger.tests.LoginTest"/>
</testsuite> <!-- com.vtiger.tests.LoginTest -->
